commit 403bdf4e9da3d139bce412defd9f13002ad0d479
Author: Ian Buitrago <kieldro@gmail.com>
Date:   Mon Nov 19 12:15:01 2012 -0600

    Replaced spaces with proper indentation.

commit c4d470decb1f72ad5eeebf72a45ee69b757888d1
Author: Graham Benevelli <grahambenevelli@gmail.com>
Date:   Sun Nov 18 16:21:57 2012 -0600

    Finished Unit Tests

commit 3c853608b904aed941a4c56eaa7166a432f7d94d
Merge: 151d204 652a19d
Author: Graham Benevelli <grahambenevelli@gmail.com>
Date:   Sun Nov 18 11:58:16 2012 -0600

    Merge branch 'master' of github.com:Kieldro/cs371p

commit 151d204bd4ed9d3bca558a45ea7083254f7dbe48
Author: Graham Benevelli <grahambenevelli@gmail.com>
Date:   Sun Nov 18 11:58:13 2012 -0600

    Adding Conway tests

commit 652a19d8a6c1d90b86962e46dd158e7fd6dddf65
Author: Ian Buitrago <kieldro@gmail.com>
Date:   Fri Nov 16 16:49:35 2012 -0600

    Implementing setNeighbors algorithm.

commit 867beadc8af2cdaa071453d1a3d4512613b17357
Author: Ian Buitrago <kieldro@gmail.com>
Date:   Fri Nov 16 16:22:11 2012 -0600

    Adds 2 more acceptance tests.

commit 12f6ed82bcc604872a81f79a555aa4a78cd93cfd
Merge: 717ff54 30e4170
Author: Ian Buitrago <kieldro@gmail.com>
Date:   Fri Nov 16 15:16:43 2012 -0600

    Merge branch 'master' of github.com:Kieldro/cs371p

commit 717ff5488aa9dcd45b2b560b704a9ac5709570a2
Author: Ian Buitrago <kieldro@gmail.com>
Date:   Fri Nov 16 15:16:38 2012 -0600

    Wrote place method.

commit 30e4170d7405a1e34f18d279268f091984a77ef0
Author: Graham Benevelli <grahambenevelli@gmail.com>
Date:   Fri Nov 16 14:36:49 2012 -0600

    Did form acceptance tests

commit 7290f54fbc24863beb756d886c0171ee97ddf4a5
Merge: 126766f 8d298dc
Author: Graham Benevelli <grahambenevelli@gmail.com>
Date:   Fri Nov 16 13:52:48 2012 -0600

    Merge fix

commit 126766f0814de2351f7b582e9ff7428cc4ad25c2
Author: Graham Benevelli <grahambenevelli@gmail.com>
Date:   Fri Nov 16 13:47:33 2012 -0600

    Finished testing Cell.h

commit 8d298dc0688494c1566aa873cc43ec03943f12de
Author: Ian Buitrago <kieldro@gmail.com>
Date:   Fri Nov 16 13:47:30 2012 -0600

    Adding acceptance tests.

commit eef0c5130e3bb76df4dfb05ea2c2e92e1fa14c3f
Merge: 60550ae bfef1dc
Author: Ian Buitrago <kieldro@gmail.com>
Date:   Fri Nov 16 13:29:26 2012 -0600

    Merge branch 'master' of github.com:Kieldro/cs371p

commit 60550ae022b643c9ee9face301dba1140e813702
Author: Ian Buitrago <kieldro@gmail.com>
Date:   Fri Nov 16 13:29:19 2012 -0600

    Writing place() method.

commit bfef1dc22373146ee23bc7f827e93cf786afbbd4
Author: Graham Benevelli <grahambenevelli@gmail.com>
Date:   Fri Nov 16 13:27:59 2012 -0600

    Cell working like Fredkin

commit 3d162897dddd85fd2d38f002d2db2e35eee70a1b
Author: Ian Buitrago <kieldro@gmail.com>
Date:   Fri Nov 16 12:14:03 2012 -0600

    Makes different rules in Makefile for each Run file.

commit bd71b70c93287037aa22e22df9f5a6f2e856b8d7
Author: Ian Buitrago <kieldro@gmail.com>
Date:   Fri Nov 16 11:03:37 2012 -0600

    Adds new unit test.

commit 467496bd11af853fb2af2a6c6a572581e30f6cd0
Author: Graham Benevelli <grahambenevelli@gmail.com>
Date:   Wed Nov 14 16:31:02 2012 -0600

    Cell isn't crashing.

commit e9258d14e2d9cb10801d7d55b0d6dc1701d008a1
Author: Graham Benevelli <grahambenevelli@gmail.com>
Date:   Wed Nov 14 15:52:03 2012 -0600

    Fixed Cell seg fault, fixed #101, closes #102, virtual needed in abstractcell

commit 75a40613edfbb4e2d5a2b2634a2553ec99a90894
Author: Ian Buitrago <kieldro@gmail.com>
Date:   Wed Nov 14 15:20:03 2012 -0600

    Fixing Cell copy constructor/clone.

commit d6e82422edd711cb8cd3fb58797ca0037724b762
Author: Graham Benevelli <grahambenevelli@gmail.com>
Date:   Wed Nov 14 14:05:00 2012 -0600

    Changed neighbor count to two ints

commit e1a04b5b00d6ba0cb39b9a3c696ebe6654c5bff7
Author: Graham Benevelli <grahambenevelli@gmail.com>
Date:   Wed Nov 14 13:45:44 2012 -0600

    Added clone to abstract cell, used in Cell

commit 7f8738ad77ca15f3fe1259ee47be20f747091efe
Author: Ian Buitrago <kieldro@gmail.com>
Date:   Wed Nov 14 13:25:14 2012 -0600

    Writes Cell copy constructor.

commit 1c0b2ee482f1391dd9998b9397d7858998615221
Author: Ian Buitrago <kieldro@gmail.com>
Date:   Wed Nov 14 10:07:35 2012 -0600

    Changed spaces to tabs. @grahambenevelli !!!!

commit 6b720074f176ac18ea65278280b317d2de5b9d57
Author: Graham Benevelli <grahambenevelli@gmail.com>
Date:   Wed Nov 14 08:28:41 2012 -0600

    Finished unit tests for Conway and Fredkin Cells

commit 36eb1d1abc5d2b0e404b41e0fa23b5fa413f4325
Author: Ian Buitrago <kieldro@gmail.com>
Date:   Tue Nov 13 20:11:39 2012 -0600

    Figuring out #101.

commit 5f65a623f58d4a909b6bbff795ff7a37327aff5b
Author: Ian Buitrago <kieldro@gmail.com>
Date:   Tue Nov 13 19:10:14 2012 -0600

    Fixes output error.

commit 7451f70abac435321b1309b38c07fa63d64a3514
Author: Ian Buitrago <kieldro@gmail.com>
Date:   Mon Nov 12 16:15:28 2012 -0600

    Fixes some unit tests to comform to new method signatures.

commit d02a6da8b9242858cb1ae27348404b55d54895b0
Author: Ian Buitrago <kieldro@gmail.com>
Date:   Mon Nov 12 15:44:20 2012 -0600

    Adds Life::update().

commit e4b2c11cb22d70f63b6266d8eb5dded9d2081d6a
Author: Ian Buitrago <kieldro@gmail.com>
Date:   Mon Nov 12 12:17:02 2012 -0600

    Adds more unit tests.

commit a2c1d4ca8b39027da11953634e4aaf206bcf18b4
Author: Graham Benevelli <grahambenevelli@gmail.com>
Date:   Fri Nov 9 16:39:38 2012 -0600

    Updated Readme

commit 7c945ef01e046551c9b9c8c1e45ac1c9d698112f
Author: Ian Buitrago <kieldro@gmail.com>
Date:   Fri Nov 9 16:31:47 2012 -0600

    Creates new life constructor. Error with ambiguating declarations.

commit c615cce8a03f79b88f1ed381c79a0bb2578fcb4e
Author: Ian Buitrago <kieldro@gmail.com>
Date:   Fri Nov 9 16:02:53 2012 -0600

    Updates UML pdf.

commit c4f2bb87296e0aca8ec8e1c1974d8c76f1eb325b
Author: Ian Buitrago <kieldro@gmail.com>
Date:   Fri Nov 9 15:55:21 2012 -0600

    Starts implementation on cell.h.

commit 3bce493bb538509d588985585dac8a7c1693297f
Author: Ian Buitrago <kieldro@gmail.com>
Date:   Fri Nov 9 15:32:16 2012 -0600

    Got Fredrik working.

commit 398056fbe0fea99b083f3a75295dbd66a9856341
Author: Ian Buitrago <kieldro@gmail.com>
Date:   Fri Nov 9 14:24:16 2012 -0600

    Got conrad working.

commit dbcfa701757ed48627731c299f1c65cf6a4ccf73
Author: Ian Buitrago <kieldro@gmail.com>
Date:   Fri Nov 9 12:10:56 2012 -0600

    Friend warning.

commit 379f192a99c01bb4220d0b5d61151141a2d60d25
Author: Ian Buitrago <kieldro@gmail.com>
Date:   Fri Nov 9 09:53:39 2012 -0600

    Creates 2 grids.

commit c500948f05bfe940bb13835d617f1c6f784a00bc
Author: Ian Buitrago <kieldro@gmail.com>
Date:   Fri Nov 9 08:52:54 2012 -0600

    Creates input() method.

commit 15cd53c3ef226e8afb2f55148d8ae26b092f29df
Author: Ian Buitrago <kieldro@gmail.com>
Date:   Thu Nov 8 23:52:07 2012 -0600

    Adds a bit of file io.

commit 4720b3ab59e964ee59a3e2712097ec7855ee5627
Author: Ian Buitrago <kieldro@gmail.com>
Date:   Thu Nov 8 23:04:36 2012 -0600

    Fixes virtual function.

commit 323e862a27bb7a545c30c34f7032676ed1619e29
Author: Ian Buitrago <kieldro@gmail.com>
Date:   Thu Nov 8 22:37:02 2012 -0600

    Files compile.

commit 019d68a414d7cf945907449e4682ad53e739ef54
Author: Ian Buitrago <kieldro@gmail.com>
Date:   Thu Nov 8 21:10:02 2012 -0600

    Life Initial files.

commit 021cc864a120ad3fcd57a8ad1160fb4c26759934
Author: Ian Buitrago <kieldro@gmail.com>
Date:   Wed Nov 7 16:35:56 2012 -0600

    Final turnin version hopefully.

commit 7ea6b32945ebb9c9e6ae7fe6ef5129a7e6bd5e67
Author: Jonathan <jontitan@ubuntu.ubuntu-domain>
Date:   Wed Nov 7 16:28:03 2012 -0600

    minor change to acceptance test

commit 6edd89dca4c26170b30777d3a91bd4f56b2dcd36
Author: Jonathan <jontitan@ubuntu.ubuntu-domain>
Date:   Wed Nov 7 16:16:41 2012 -0600

    fixed acceptance tests

commit eb0c3d0ad2a30bbd27077c63557f98b8394faa86
Author: Jonathan <jontitan@ubuntu.ubuntu-domain>
Date:   Wed Nov 7 16:10:37 2012 -0600

    changed my name and EID in readme

commit 7e4bc16da47d549ec3a593c9fbeae32890246c71
Author: Jonathan <jontitan@ubuntu.ubuntu-domain>
Date:   Wed Nov 7 16:09:19 2012 -0600

    pushing acceptance tests

commit 7fa051b5b87f130bb4391770a1dd6c97d2069007
Author: Ian Buitrago <kieldro@gmail.com>
Date:   Wed Nov 7 15:52:41 2012 -0600

    Adds some debug facilities.

commit 77241130c633c5c5a35cf52f98518a6d39ff28f2
Author: Ian Buitrago <kieldro@gmail.com>
Date:   Wed Nov 7 15:21:33 2012 -0600

    Unit tests complete. UML updated.

commit 90d296551bfebad7f7a4580ab62a732ea069b2b1
Author: Ian Buitrago <kieldro@gmail.com>
Date:   Wed Nov 7 14:42:03 2012 -0600

    Changed signature of place().

commit 038640e6f7793592ff0a3ba47ef7191e70e30671
Author: Ian Buitrago <kieldro@gmail.com>
Date:   Wed Nov 7 14:03:04 2012 -0600

    Adds more unit tests.

commit 91e821c6dbcfac1d0543cc2d9e36835b3f191a8b
Author: Ian Buitrago <kieldro@gmail.com>
Date:   Wed Nov 7 13:39:03 2012 -0600

    Adds a number of unit tests.

commit a2c91da835bfafa996cc6f7221bb49517bd5fe91
Author: Ian Buitrago <kieldro@gmail.com>
Date:   Wed Nov 7 12:50:46 2012 -0600

    Fixes some warnings.

commit 38cf42e7513fa859659483222110371857098f41
Author: Ian Buitrago <kieldro@gmail.com>
Date:   Tue Nov 6 16:36:35 2012 -0600

    Adds more unit tests.

commit ad16803ad3fee5faf0e55a815af581e302c46054
Author: Ian Buitrago <kieldro@gmail.com>
Date:   Tue Nov 6 14:36:08 2012 -0600

    Fixes error in ifRandom(). Output finally correct.

commit e3d851f57ff1ceaba336b8eec27e9922ded8db91
Author: Ian Buitrago <kieldro@gmail.com>
Date:   Tue Nov 6 13:51:36 2012 -0600

    enums replace most macros.

commit 5c3272e6b3448b0ba154f4625ab5bf4da18ebbf5
Author: Ian Buitrago <kieldro@gmail.com>
Date:   Tue Nov 6 13:00:23 2012 -0600

    Fixes west to be 0.

commit de234df7f8d346823ad81118f835075cd1ce8623
Author: Ian Buitrago <kieldro@gmail.com>
Date:   Mon Nov 5 16:48:21 2012 -0600

    Makes static initializations neater.

commit 4f6fb6e46c9dbbf713474ad31feb51a5c92247b2
Author: Ian Buitrago <kieldro@gmail.com>
Date:   Mon Nov 5 14:01:49 2012 -0600

    Fixes acceptances tests.

commit 8a281d93e9e7b6d51fe45bcf1b7b373b2b312b9d
Author: Ian Buitrago <kieldro@gmail.com>
Date:   Mon Nov 5 13:22:53 2012 -0600

    Changes direction from characters to marcros.

commit 024e522711b2da62d064b8787dae10776393c42f
Author: Ian Buitrago <kieldro@gmail.com>
Date:   Mon Nov 5 09:53:07 2012 -0600

    Made some data members private.

commit ceb4871e93659855689e2cfe3a206f33b0fdda29
Author: Ian Buitrago <kieldro@gmail.com>
Date:   Mon Nov 5 08:54:24 2012 -0600

    Scratch changes.

commit 9d88205230d78256bf3e8cac5c9cbd0197de3dd0
Merge: c30c020 63ec684
Author: Ian Buitrago <kieldro@gmail.com>
Date:   Mon Nov 5 08:20:55 2012 -0600

    Manual merge.

commit c30c020c74b703cd1f224ad61846b505c0ade955
Author: Ian Buitrago <kieldro@gmail.com>
Date:   Mon Nov 5 08:19:36 2012 -0600

    Adds trap to some of unit tests.

commit 63ec684b51e4e0b93797b71bac2bc3850ff90aba
Author: Ian Buitrago <kieldro@gmail.com>
Date:   Sat Nov 3 18:58:17 2012 -0500

    Another turn in version.

commit f3365e3d59be4ac8fee0974e42980a862c7695de
Author: Ian Buitrago <kieldro@gmail.com>
Date:   Thu Nov 1 20:43:22 2012 -0500

    Best creature beats rover in acceptance tests.

commit face21edb2fea0d820fc95fe5e49b568876b873d
Author: Ian Buitrago <kieldro@gmail.com>
Date:   Thu Nov 1 15:32:07 2012 -0500

    Best creature performance now abysmal.

commit ea6057619aaf59409914ab90108622572c6ed811
Author: Ian Buitrago <kieldro@gmail.com>
Date:   Thu Nov 1 14:55:38 2012 -0500

    Adds printCount() debugging method.

commit 1749b38de21b0cd69e06593697679f1488387ebe
Author: Ian Buitrago <kieldro@gmail.com>
Date:   Thu Nov 1 14:18:21 2012 -0500

    Updates UML pdf.

commit 8414e6ba9474838eac6ec753084e17f74a7e0319
Author: Ian Buitrago <kieldro@gmail.com>
Date:   Thu Nov 1 13:31:19 2012 -0500

    Acceptance tests practically complete.

commit 7c9ed3e11a2ff7c57e2fad2dee8f4069acc08941
Author: Ian Buitrago <kieldro@gmail.com>
Date:   Wed Oct 31 21:20:16 2012 -0500

    Factors out some code. Implementing ifRandom().

commit 313144206ab75b83344890ad77760acaf47fef1d
Author: Ian Buitrago <kieldro@gmail.com>
Date:   Wed Oct 31 18:35:18 2012 -0500

    Fixes program not loading.

commit 19b2175fb520f4e319d583c24289315d49be5ab9
Author: Ian Buitrago <kieldro@gmail.com>
Date:   Wed Oct 31 16:54:57 2012 -0500

    Hoppers dont hop anymore.

commit f979ecdb04eb6b24b4eaaac454ccccfab97c0caf
Author: Ian Buitrago <kieldro@gmail.com>
Date:   Wed Oct 31 15:40:09 2012 -0500

    Changes grid to 2d vector of Creature pointers.

commit 51223dbfb91dbff5d496c5d82a34dd7e06af608a
Author: Ian Buitrago <kieldro@gmail.com>
Date:   Mon Oct 29 22:56:15 2012 -0500

    Needs to change grid to a 2d vector of pointers to Creatures.

commit bf87e2c502f93078dfacb24f4e34291b458fb48e
Author: Ian Buitrago <kieldro@gmail.com>
Date:   Mon Oct 29 22:18:38 2012 -0500

    Moves hop out of class definition.

commit 78c3ee166c6b7653d2ea38f8db6851e2f4585ea8
Author: Ian Buitrago <kieldro@gmail.com>
Date:   Mon Oct 29 22:10:13 2012 -0500

    Moves hop() to class Creature.

commit f4b8c75b25a94b9e49068683807ad4fe9d251c14
Author: Ian Buitrago <kieldro@gmail.com>
Date:   Mon Oct 29 20:22:30 2012 -0500

    Changed variable programto static.

commit fa3cc969faa074c6ceb894f998c65397660c1fe1
Author: Ian Buitrago <kieldro@gmail.com>
Date:   Fri Oct 26 16:47:00 2012 -0500

    Adds Instruction struct.

commit 618bd2025977f457801db371891078df81e5375a
Author: Ian Buitrago <kieldro@gmail.com>
Date:   Fri Oct 26 15:00:52 2012 -0500

    Writing Creature.execute().

commit 7092bb1e0d86b7a646699563e2beaa170f5c96d5
Author: Ian Buitrago <kieldro@gmail.com>
Date:   Fri Oct 26 14:38:26 2012 -0500

    Grid.hop() almost done.

commit 6cb263c67e59f2452fb56c74b007e6cb71a67569
Author: Ian Buitrago <kieldro@gmail.com>
Date:   Fri Oct 26 14:04:43 2012 -0500

    Adds some a bit of east hopping.

commit f7354a09e9e5ddff03509a1ae79ff48930e4f268
Merge: 89d5a0e 04491d9
Author: Ian Buitrago <kieldro@gmail.com>
Date:   Fri Oct 26 13:08:15 2012 -0500

    Merge branch 'master' of github.com:Kieldro/cs371p

commit 89d5a0e7595dd3c14b7337e29b2db0deafce8e9e
Author: Ian Buitrago <kieldro@gmail.com>
Date:   Fri Oct 26 13:08:10 2012 -0500

    Skeleton updates.

commit 04491d91c907488fa33cd88a3a42ff07a3958040
Author: Ian Buitrago <kieldro@gmail.com>
Date:   Fri Oct 26 13:05:26 2012 -0500

    Adds example outputs.

commit d1839559cc75319b04f8b368cd2af41f4e827989
Author: Ian Buitrago <kieldro@gmail.com>
Date:   Thu Oct 25 21:49:56 2012 -0500

    Adds hopper class.

commit 5908454f88d27b33f2e8f237bb4d97d8d47a987e
Author: Ian Buitrago <kieldro@gmail.com>
Date:   Thu Oct 25 19:42:12 2012 -0500

    Prints a grid.

commit 5b6147a0972d593898c0dd8be712a035e819474d
Author: Ian Buitrago <kieldro@gmail.com>
Date:   Thu Oct 25 18:33:14 2012 -0500

    Darwin skeleton files added.

commit 20307fd70b3a6431462b4e08cc2eb1aa39f14406
Author: Ian Buitrago <kieldro@gmail.com>
Date:   Wed Oct 24 19:12:11 2012 -0500

    Fixes same critical mistake in P5 Makefile.

commit 5ee1a234325449e517203c925a00c157373852e5
Author: Ian Buitrago <kieldro@gmail.com>
Date:   Wed Oct 24 19:07:30 2012 -0500

    Fixes a critical mistake in Makefile zip rule. Updates zip and turns in.

commit def43765831e0ef05cca5b7e438ea7b1dbbfa6a7
Author: Ian Buitrago <kieldro@gmail.com>
Date:   Wed Oct 24 15:04:48 2012 -0500

    Makes improvement to Makefiles.

commit 71ec87c0dfb86b17bb2bb0b19fc3a7cffea3b912
Author: Ian Buitrago <kieldro@gmail.com>
Date:   Wed Oct 24 11:49:58 2012 -0500

    Project 5 boilerplate files added.

commit bf152263bad2cc9574f9c3ab0fa9e65273fabe7f
Author: Ian Buitrago <kieldro@gmail.com>
Date:   Sat Oct 20 16:24:05 2012 -0500

    Turnin version

commit 4f00d56e293a6acc2ef1882966ff0db27124a543
Merge: 704c7f3 18a6552
Author: Ian Buitrago <kieldro@gmail.com>
Date:   Sat Oct 20 15:07:12 2012 -0500

    Merge branch 'master' of github.com:Kieldro/cs371p

commit 704c7f3b9251aad5a10d74c7e5ec05b15619e939
Author: Ian Buitrago <kieldro@gmail.com>
Date:   Sat Oct 20 15:07:06 2012 -0500

    Adds exceptions and some tests to matrix.

commit 18a65527aee3fc142ac5e43d9ccabba2bda4c07e
Author: Fayz Rahman <fayz.rahman@utexas.edu>
Date:   Sat Oct 20 15:06:06 2012 -0500

    Corrected documentaion on Matrix.h, more needed.

commit d6bb88c5ae7766b14722a265e7f4ddaeaa328c2e
Author: Fayz Rahman <fayz.rahman@utexas.edu>
Date:   Sat Oct 20 14:34:13 2012 -0500

    Added documentation for Matlab.h

commit a55467c79034b231d3545ce74287574d666a9ef5
Author: Fayz Rahman <fayz.rahman@utexas.edu>
Date:   Sat Oct 20 14:00:45 2012 -0500

    Added more documentation

commit 7ab1521074bd89d8cb19e5c80e0756b117c6fdcf
Author: Ian Buitrago <kieldro@gmail.com>
Date:   Sat Oct 20 08:25:33 2012 -0500

    Trying to add helper test method.

commit b489de479057eff88e087c6225d9845295fafd7e
Author: Ian Buitrago <kieldro@gmail.com>
Date:   Fri Oct 19 21:02:13 2012 -0500

    Starts adding exceptions.

commit fe5d7961eb88e7d88b7207ad295757af2b6f4ff6
Author: Ian Buitrago <kieldro@gmail.com>
Date:   Wed Oct 17 15:20:28 2012 -0500

    test repo files were deleted. Adds them back.

commit f436727158f8f24cf7964b58ec97fb3abeffe075
Author: Ian Buitrago <kieldro@gmail.com>
Date:   Wed Oct 17 15:12:56 2012 -0500

    Adds dot().

commit c2257c51604acb3e4c1ce39a8ee3d91d86db1130
Author: Ian Buitrago <kieldro@gmail.com>
Date:   Tue Oct 16 17:40:56 2012 -0500

    Added unit tests to public repository.

commit 1dc362f4cf862803bdd23cf4a630e067296520c1
Author: Ian Buitrago <kieldro@gmail.com>
Date:   Tue Oct 16 16:10:47 2012 -0500

    Some Matlab methods implemented.

commit 4f397abb7d7a0427b5404c1e3145d5b76beae790
Author: Ian Buitrago <kieldro@gmail.com>
Date:   Tue Oct 16 14:32:02 2012 -0500

    Adjusts matrix mult and implements matrix cat.

commit bcd0fd997558226abcdde1018fa63e133721bf8a
Author: Ian Buitrago <kieldro@gmail.com>
Date:   Mon Oct 15 16:47:15 2012 -0500

    Ran make all.

commit ac16f9a01ee73d85cbce64dbb008b6047429cf3c
Author: Ian Buitrago <kieldro@gmail.com>
Date:   Mon Oct 15 16:45:51 2012 -0500

    Adds matrix arithmetic methods and unit tests.

commit 31ec4f253716193391658c7930ed2280cd1aa9d7
Author: Ian Buitrago <kieldro@gmail.com>
Date:   Mon Oct 15 16:30:18 2012 -0500

    Adds unit tests for all relational operators.

commit cb84be140d64ad79f469996e1e804bdaf7fda35a
Author: Ian Buitrago <kieldro@gmail.com>
Date:   Mon Oct 15 15:56:31 2012 -0500

    Factors out code for relational operators and scalar operations into 2 methods.

commit 45e917b91286a5bc3ee95f02b2e8c2550ea2a09d
Author: Ian Buitrago <kieldro@gmail.com>
Date:   Mon Oct 15 12:55:07 2012 -0500

    Implements scalar arithmetic methods.

commit a99a0f799d9d1c7895be9e3fbbb819b40ffd8c2d
Author: Ian Buitrago <kieldro@gmail.com>
Date:   Mon Oct 15 12:27:46 2012 -0500

    Uses new skeleton code. eq() implemented.

commit fe6aaf6ea31f80ade2a4b2c433322478a1cef86e
Author: Ian Buitrago <kieldro@gmail.com>
Date:   Fri Oct 12 18:20:28 2012 -0500

    Adds some documentationa and iterator tests.

commit df074d47b5eec0cc28da919ec592bad637cb81cd
Author: Ian Buitrago <kieldro@gmail.com>
Date:   Fri Oct 12 17:52:36 2012 -0500

    Adds more required files.

commit 79426fed69477ca1ea091eb8b280a7e8e41a7c10
Author: Ian Buitrago <kieldro@gmail.com>
Date:   Fri Oct 12 17:34:34 2012 -0500

    operator*= complete.

commit 24886e3d9ba3b6c3f385bf18d6cde2d2448e261b
Author: Ian Buitrago <kieldro@gmail.com>
Date:   Fri Oct 12 16:44:16 2012 -0500

    Adds empty().

commit 96a2529233e4d0e5ded54dee59890b8e1907b6c0
Author: Ian Buitrago <kieldro@gmail.com>
Date:   Fri Oct 12 15:15:29 2012 -0500

    Adds dot() method.

commit ea472df9deb53e73a9f2c10cc1815e978987e47c
Author: Ian Buitrago <kieldro@gmail.com>
Date:   Fri Oct 12 14:31:46 2012 -0500

    operators += and -= complete.

commit 22cf993dbad0957d1c5fbbae078c059e6d5183f9
Author: Ian Buitrago <kieldro@gmail.com>
Date:   Fri Oct 12 11:53:31 2012 -0500

    works on op== and valid().

commit 2f9fede1ec37a71a3f20a4ab8686e75624c5fd8a
Author: Ian Buitrago <kieldro@gmail.com>
Date:   Fri Oct 12 11:23:08 2012 -0500

    operator [] complete.

commit 5e626a8b572fa259783875dd94dd1bbb52910c8d
Author: Ian <kieldro@gmail.com>
Date:   Thu Oct 11 20:09:39 2012 -0500

    Update matlab/TestMatrix.c++

commit fd5b85940dc6c1dcbdd51801f0578bf453806034
Author: Ian <kieldro@gmail.com>
Date:   Thu Oct 11 20:08:55 2012 -0500

    Update matlab/Matrix.h
    
    fixed faulty typedefs

commit 00594998568bc0bd5c5dbf338b05edebd641bf45
Author: Ian Buitrago <kieldro@gmail.com>
Date:   Wed Oct 10 16:30:01 2012 -0500

    Trying to figure out operator [].

commit c409df338243b3caaba46e7c90a99393730651c2
Author: Ian Buitrago <kieldro@gmail.com>
Date:   Wed Oct 10 13:03:13 2012 -0500

    Fixed behavior of allocate(0).

commit 12f143c9ee80cf931cbaf412f0a8ddd4176cf56f
Author: Ian Buitrago <kieldro@gmail.com>
Date:   Wed Oct 10 12:03:47 2012 -0500

    Adds matlab skeleton files.

commit de0c110a47af61b22fe35107eb5684d776d36875
Author: Jake Wilke <jake.wilke@gmail.com>
Date:   Tue Oct 9 19:46:52 2012 -0500

    forgot to update the log

commit 444fe23138245ac87ddf4eb24abda393bb59b815
Author: Jake Wilke <jake.wilke@gmail.com>
Date:   Tue Oct 9 19:46:22 2012 -0500

    last set of tests added

commit 523585da2f91d09d3a9495bb9f4c0a9e1663eab2
Author: Jake Wilke <jake.wilke@gmail.com>
Date:   Tue Oct 9 18:36:24 2012 -0500

    updated edge case tests to work with any type instead of just ints

commit d2d3cc3619accf7722ebc97aea84cf07ab6d1ea4
Author: Jake Wilke <jake.wilke@gmail.com>
Date:   Tue Oct 9 17:44:28 2012 -0500

    added some edge case unit tests to allocator

commit 34347d272aee026f73600abc63813028ab7561d0
Author: Ian <kieldro@gmail.com>
Date:   Mon Oct 8 22:37:28 2012 -0500

    Update allocator/README.txt

commit b11f74b7836afbe5c721fb61263912ec02c62dd6
Author: Ian Buitrago <kieldro@gmail.com>
Date:   Mon Oct 8 18:01:23 2012 -0500

    allocate() and deallocate() seem to work.

commit 28000ae9455b8976fb021d56a6b6d3ffd3ff9a23
Author: Ian Buitrago <kieldro@gmail.com>
Date:   Mon Oct 8 15:50:55 2012 -0500

    Adds trivial implementations and tests for deallocate() and destroy().

commit 90b09359ff1786804bf52e27cf6c7ca1de4ec908
Author: Ian Buitrago <kieldro@gmail.com>
Date:   Mon Oct 8 14:50:42 2012 -0500

    allocate() gives extra space if another T can't be fit.

commit c98c1f7d2e70d051a6b6bffe71ec43112f8e2466
Author: Ian Buitrago <kieldro@gmail.com>
Date:   Mon Oct 8 13:15:31 2012 -0500

    Rewritten using sentinel().

commit 0b6b054e485b22a07995472dccb27c019f0fb9bd
Author: Ian Buitrago <kieldro@gmail.com>
Date:   Mon Oct 8 11:53:30 2012 -0500

    Adds more asserts.

commit 5d33b6163ffd68f2dc58b1574cff43a72f39adc4
Author: Ian Buitrago <kieldro@gmail.com>
Date:   Thu Oct 4 21:50:54 2012 -0500

    added intP() caster function.

commit 031abb764894c98d39c1e1547d553294d2855e2b
Author: Ian Buitrago <kieldro@gmail.com>
Date:   Wed Oct 3 16:20:16 2012 -0500

    Adds another trivial test case.

commit 581584affb0b95d00d64b49a5e47d794a2ec0854
Author: Jacob Wilke <jake.wilke@gmail.com>
Date:   Wed Oct 3 15:33:48 2012 -0500

    working on allocate(), needs to build the new sentries

commit f102f7af60e8992d7720718cfdfbaac94a771e96
Author: Ian Buitrago <kieldro@gmail.com>
Date:   Wed Oct 3 14:58:30 2012 -0500

    Constructor and valid written.

commit 8a3223e86b5839a42c81599d47791c9e335952c9
Author: Jacob Wilke <jake.wilke@gmail.com>
Date:   Mon Oct 1 18:34:22 2012 -0500

    added my info to readme file, also first push - jwilke

commit bcbdc88af3c8724d1ba33ef5d09eecde5af0b937
Author: Ian Buitrago <kieldro@gmail.com>
Date:   Mon Oct 1 16:46:09 2012 -0500

    changes to scratch.c++

commit f404be7600763ad500b05d4e4f5e0f90d021ae65
Author: Ian Buitrago <kieldro@gmail.com>
Date:   Fri Sep 28 12:54:57 2012 -0500

    Trying to add tests.

commit aea5e882e9c0bd5f4b501273c4e86e64ed9520a5
Author: Ian Buitrago <kieldro@gmail.com>
Date:   Fri Sep 28 11:51:33 2012 -0500

    cleans up some whitespace.

commit cce9353032d2e977cc39673cdb4d55c6641addba
Author: Ian Buitrago <kieldro@gmail.com>
Date:   Fri Sep 28 11:43:22 2012 -0500

    Allocator compiling version.

commit f7377ea805f3d2b7712ef4e4fce865d909f44854
Author: Ian Buitrago <kieldro@gmail.com>
Date:   Fri Sep 28 11:30:18 2012 -0500

    Adds Allocator files.

commit f9b839cffc612848baad2657201c1943202ab7dd
Author: Ian Buitrago <kieldro@gmail.com>
Date:   Thu Sep 27 20:09:53 2012 -0500

    Turned in.

commit d7e12cb55d18186c4f599d6b4bc49247b80adee6
Author: Ian Buitrago <kieldro@gmail.com>
Date:   Thu Sep 27 19:16:58 2012 -0500

    ACCEPTED by UVa.

commit 5ebee32948badef7187e05ffde1c14053fc0a952
Author: Ian Buitrago <kieldro@gmail.com>
Date:   Thu Sep 27 18:30:55 2012 -0500

    Tie case implemented.

commit 53aebad9175fd7c7216f787a680d86f4724f288b
Author: Ian Buitrago <kieldro@gmail.com>
Date:   Thu Sep 27 16:54:54 2012 -0500

    Fixes #35. Found the segfault; off by 1 error.

commit 3657a3e0154cdefa3cb5ce490bb9673f5916244c
Author: Ian Buitrago <kieldro@gmail.com>
Date:   Wed Sep 26 19:57:46 2012 -0500

    Segfault continutes.

commit 5762fcbea18cd49d86bed05c21ae0d448cd07458
Author: Ian Buitrago <kieldro@gmail.com>
Date:   Wed Sep 26 18:20:05 2012 -0500

    Seg fault.

commit d436b7825ffee1722bba57d470395ea226ad8990
Author: Ian Buitrago <kieldro@gmail.com>
Date:   Wed Sep 26 16:14:05 2012 -0500

    Solved for simple case.

commit b0e56d4e7fc1f892d2a2bcc673e10a8f74807f13
Author: Ian Buitrago <kieldro@gmail.com>
Date:   Wed Sep 26 13:04:21 2012 -0500

    Input functional.

commit 84771440d8aeb2cd008bdc1f82c47d96da07205a
Author: Ian Buitrago <kieldro@gmail.com>
Date:   Wed Sep 26 11:56:50 2012 -0500

    more progress, DNC.

commit 27e6a1f515fd5dda258d7a98147065c4fa668ff0
Author: Ian Buitrago <kieldro@gmail.com>
Date:   Mon Sep 24 15:57:51 2012 -0500

    TestGen finished.

commit 535a89f6c50344f34c9887b83b99e9cae5110047
Author: Ian Buitrago <kieldro@gmail.com>
Date:   Mon Sep 24 15:04:35 2012 -0500

    TestGen works except each ballot needs to be randomized.

commit 12b8dd0e16f485af23942169a36db8b51f737854
Author: Ian Buitrago <kieldro@gmail.com>
Date:   Mon Sep 24 13:54:21 2012 -0500

    making progress, does not compile.

commit c5d69bacfa6b5a4d4b7eef03725621194e48b911
Author: Ian Buitrago <kieldro@gmail.com>
Date:   Mon Sep 17 11:38:36 2012 -0500

    Voting files added. Does not compile.

commit 47807860e3578e1f4b46bea18ccc207b158b7888
Author: Ian Buitrago <kieldro@gmail.com>
Date:   Wed Sep 12 16:04:01 2012 -0500

    After turnin.

commit 864e310a4ea68882280eb96a6cd7b1342f33223a
Author: Ian Buitrago <kieldro@gmail.com>
Date:   Wed Sep 12 15:22:11 2012 -0500

    Turnin version.

commit 940b3790c9080d2507173ecbd50852001adda5b7
Author: Ian Buitrago <kieldro@gmail.com>
Date:   Wed Sep 12 13:32:11 2012 -0500

    commit .

commit 649e42360d8e57b67075e41887eef751a872cfd6
Author: Ian Buitrago <kieldro@gmail.com>
Date:   Wed Sep 12 13:22:46 2012 -0500

    Adding time.

commit 1b1ef98d834afddbf16ff6cddf864528e77e0148
Author: Ian Buitrago <kieldro@gmail.com>
Date:   Wed Sep 12 12:48:33 2012 -0500

    Fixes a logic error in cache.

commit 63bd6a9a879c36ff149f9d602f9acef4a8e486b0
Author: Ian Buitrago <kieldro@gmail.com>
Date:   Wed Sep 12 11:06:09 2012 -0500

    fixed the cache.

commit ec6103ea3755d0cf8e00fa27b5966a162182e189
Author: Ian Buitrago <kieldro@gmail.com>
Date:   Fri Sep 7 11:49:41 2012 -0500

    Begins to implement a cache.

commit 95b9359ac7522c7dbc2e6a43f89ad045351800c3
Author: Ian Buitrago <kieldro@gmail.com>
Date:   Wed Sep 5 14:01:47 2012 -0500

    Fixes logic mistake in meta gen.

commit fe78691d2c4fb7bd9c0bc2b11986872558199865
Author: Ian Buitrago <kieldro@gmail.com>
Date:   Wed Sep 5 13:41:37 2012 -0500

    Adds meta cache generation program.

commit 20c5113887525471e2a961bad86278ba4a1b7bf4
Author: Ian Buitrago <kieldro@gmail.com>
Date:   Wed Sep 5 12:32:44 2012 -0500

    Implements collatz_eval() and cycleLength().

commit d11e0089440ccb583845606e68328558144385ee
Author: Ian Buitrago <kieldro@gmail.com>
Date:   Wed Sep 5 11:37:20 2012 -0500

    Fixes whitespace.

commit 97b1357afb70a19cff7b3ccc7f1698e6858f9617
Author: Ian Buitrago <kieldro@gmail.com>
Date:   Wed Sep 5 11:14:40 2012 -0500

    Adds template files.

commit 15d15fd5aefaa05a265d412a2fe9275da35e226f
Author: Ian Buitrago <kieldro@gmail.com>
Date:   Wed Sep 5 11:13:27 2012 -0500

    forgot to commit.

commit 077cf1a1127c35ae9164b12c8c91988240827b1f
Author: Ian Buitrago <kieldro@gmail.com>
Date:   Sun Sep 2 19:29:47 2012 -0500

    Collatz project.
