*** Darwin 8x8 ***

Printing 8 x 8 grid:
Turn = 0
  01234567
0 f.......
1 ........
2 ........
3 ...hh...
4 ...hh...
5 ........
6 ........
7 .......f


Printing 8 x 8 grid:
Turn = 1
  01234567
0 f.......
1 ........
2 ........
3 ...hh...
4 ...hh...
5 ........
6 ........
7 .......f


Printing 8 x 8 grid:
Turn = 2
  01234567
0 f.......
1 ........
2 ........
3 ...hh...
4 ...hh...
5 ........
6 ........
7 .......f


Printing 8 x 8 grid:
Turn = 3
  01234567
0 f.......
1 ........
2 ........
3 ...hh...
4 ...hh...
5 ........
6 ........
7 .......f


Printing 8 x 8 grid:
Turn = 4
  01234567
0 f.......
1 ........
2 ........
3 ...hh...
4 ...hh...
5 ........
6 ........
7 .......f


Printing 8 x 8 grid:
Turn = 5
  01234567
0 f.......
1 ........
2 ........
3 ...hh...
4 ...hh...
5 ........
6 ........
7 .......f

*** Darwin 7x9 ***
*** Darwin 72x72 without Best ***
*** Darwin 72x72 with Best ***
