commit 864e310a4ea68882280eb96a6cd7b1342f33223a
Author: Ian Buitrago <kieldro@gmail.com>
Date:   Wed Sep 12 15:22:11 2012 -0500

    Turnin version.

commit 940b3790c9080d2507173ecbd50852001adda5b7
Author: Ian Buitrago <kieldro@gmail.com>
Date:   Wed Sep 12 13:32:11 2012 -0500

    commit .

commit 649e42360d8e57b67075e41887eef751a872cfd6
Author: Ian Buitrago <kieldro@gmail.com>
Date:   Wed Sep 12 13:22:46 2012 -0500

    Adding time.

commit 1b1ef98d834afddbf16ff6cddf864528e77e0148
Author: Ian Buitrago <kieldro@gmail.com>
Date:   Wed Sep 12 12:48:33 2012 -0500

    Fixes a logic error in cache.

commit 63bd6a9a879c36ff149f9d602f9acef4a8e486b0
Author: Ian Buitrago <kieldro@gmail.com>
Date:   Wed Sep 12 11:06:09 2012 -0500

    fixed the cache.

commit ec6103ea3755d0cf8e00fa27b5966a162182e189
Author: Ian Buitrago <kieldro@gmail.com>
Date:   Fri Sep 7 11:49:41 2012 -0500

    Begins to implement a cache.

commit 95b9359ac7522c7dbc2e6a43f89ad045351800c3
Author: Ian Buitrago <kieldro@gmail.com>
Date:   Wed Sep 5 14:01:47 2012 -0500

    Fixes logic mistake in meta gen.

commit fe78691d2c4fb7bd9c0bc2b11986872558199865
Author: Ian Buitrago <kieldro@gmail.com>
Date:   Wed Sep 5 13:41:37 2012 -0500

    Adds meta cache generation program.

commit 20c5113887525471e2a961bad86278ba4a1b7bf4
Author: Ian Buitrago <kieldro@gmail.com>
Date:   Wed Sep 5 12:32:44 2012 -0500

    Implements collatz_eval() and cycleLength().

commit d11e0089440ccb583845606e68328558144385ee
Author: Ian Buitrago <kieldro@gmail.com>
Date:   Wed Sep 5 11:37:20 2012 -0500

    Fixes whitespace.

commit 97b1357afb70a19cff7b3ccc7f1698e6858f9617
Author: Ian Buitrago <kieldro@gmail.com>
Date:   Wed Sep 5 11:14:40 2012 -0500

    Adds template files.

commit 15d15fd5aefaa05a265d412a2fe9275da35e226f
Author: Ian Buitrago <kieldro@gmail.com>
Date:   Wed Sep 5 11:13:27 2012 -0500

    forgot to commit.

commit 077cf1a1127c35ae9164b12c8c91988240827b1f
Author: Ian Buitrago <kieldro@gmail.com>
Date:   Sun Sep 2 19:29:47 2012 -0500

    Collatz project.
